L (9.000000,-10.000000) -> (-9.000000,10.000000)
L (-9.000000,-10.000000) -> (9.000000,10.000000)
L (-10.000000,-9.000000) -> (-10.000000,9.000000)
L (10.000000,-9.000000) -> (10.000000,9.000000)
L (-10.000000,-9.000000) -> (-9.965926,-9.258819)
L (-9.965926,-9.258819) -> (-9.866025,-9.500000)
L (-9.866025,-9.500000) -> (-9.707107,-9.707107)
L (-9.707107,-9.707107) -> (-9.500000,-9.866025)
L (-9.500000,-9.866025) -> (-9.000000,-10.000000)
L (9.000000,-10.000000) -> (9.258819,-9.965926)
L (9.258819,-9.965926) -> (9.500000,-9.866025)
L (9.500000,-9.866025) -> (9.707107,-9.707107)
L (9.707107,-9.707107) -> (9.866025,-9.500000)
L (9.866025,-9.500000) -> (10.000000,-9.000000)
L (10.000000,9.000000) -> (9.965926,9.258819)
L (9.965926,9.258819) -> (9.866025,9.500000)
L (9.866025,9.500000) -> (9.707107,9.707107)
L (9.707107,9.707107) -> (9.500000,9.866025)
L (9.500000,9.866025) -> (9.000000,10.000000)
L (-9.000000,10.000000) -> (-9.258819,9.965926)
L (-9.258819,9.965926) -> (-9.500000,9.866025)
L (-9.500000,9.866025) -> (-9.707107,9.707107)
L (-9.707107,9.707107) -> (-9.866025,9.500000)
L (-9.866025,9.500000) -> (-10.000000,9.000000)
