  Edge.cpp
C:\Users\50528705\Desktop\Tests\LatestCode\BRep2D\Geometry_Kernel\Edge.cpp(41,32): warning C4018: '<': signed/unsigned mismatch
C:\Users\50528705\Desktop\Tests\LatestCode\BRep2D\Geometry_Kernel\Edge.cpp(77,28): warning C4018: '<': signed/unsigned mismatch
  LineSegment.cpp
  Numerical.cpp
  Point.cpp
  main.cpp
  Arc.cpp
C:\Users\50528705\Desktop\Tests\LatestCode\BRep2D\Geometry_Kernel\Arc.cpp(338,9): warning C4244: 'initializing': conversion from 'double' to 'int', possible loss of data
  Vector.cpp
  Vertex.cpp
  Wire.cpp
C:\Users\50528705\Desktop\Tests\LatestCode\BRep2D\Geometry_Kernel\StringHelper.h(117,32): warning C4018: '<': signed/unsigned mismatch
C:\Users\50528705\Desktop\Tests\LatestCode\BRep2D\Geometry_Kernel\Wire.cpp(16,22): warning C4018: '<': signed/unsigned mismatch
C:\Users\50528705\Desktop\Tests\LatestCode\BRep2D\Geometry_Kernel\Wire.cpp(33,23): warning C4018: '<': signed/unsigned mismatch
C:\Users\50528705\Desktop\Tests\LatestCode\BRep2D\Geometry_Kernel\Wire.cpp(41,22): warning C4018: '<': signed/unsigned mismatch
C:\Users\50528705\Desktop\Tests\LatestCode\BRep2D\Geometry_Kernel\Wire.cpp(48,27): warning C4018: '<': signed/unsigned mismatch
C:\Users\50528705\Desktop\Tests\LatestCode\BRep2D\Geometry_Kernel\Wire.cpp(87,22): warning C4018: '<': signed/unsigned mismatch
C:\Users\50528705\Desktop\Tests\LatestCode\BRep2D\Geometry_Kernel\Wire.cpp(109,22): warning C4018: '<': signed/unsigned mismatch
C:\Users\50528705\Desktop\Tests\LatestCode\BRep2D\Geometry_Kernel\Wire.cpp(172,22): warning C4018: '<': signed/unsigned mismatch
  GeometryKernel.vcxproj -> C:\Users\50528705\Desktop\Tests\LatestCode\BRep2D\Release\GeometryKernel.lib
